This file contains any messages produced by compilers while
running configure, to aid debugging if configure makes a mistake.

It was created by bil2_c configure 0.1, which was
generated by GNU Autoconf 2.69.  Invocation command line was

  $ /home/laboratorium/Desktop/H1C014050/Bil2_3.c/configure --enable-maintainer-mode CFLAGS=-g -O0 CXXFLAGS=-g -O0 JFLAGS=-g -O0 FFLAGS=-g -O0

## --------- ##
## Platform. ##
## --------- ##

hostname = laboratorium-Aspire-M1900
uname -m = i686
uname -r = 3.5.0-17-generic
uname -s = Linux
uname -v = #28-Ubuntu SMP Tue Oct 9 19:32:08 UTC 2012

/usr/bin/uname -p = unknown
/bin/uname -X     = unknown

/bin/arch              = unknown
/usr/bin/arch -k       = unknown
/usr/convex/getsysinfo = unknown
/usr/bin/hostinfo      = unknown
/bin/machine           = unknown
/usr/bin/oslevel       = unknown
/bin/universe          = unknown

PATH: /usr/local/sbin
PATH: /usr/local/bin
PATH: /usr/sbin
PATH: /usr/bin
PATH: /sbin
PATH: /bin
PATH: /usr/games
PATH: /usr/local/games


## ----------- ##
## Core tests. ##
## ----------- ##

configure:1830: checking for a BSD-compatible install
configure:1898: result: /usr/bin/install -c
configure:1909: checking whether build environment is sane
configure:1959: result: yes
configure:2100: checking for a thread-safe mkdir -p
configure:2139: result: /bin/mkdir -p
configure:2152: checking for gawk
configure:2168: found /usr/bin/gawk
configure:2179: result: gawk
configure:2190: checking whether make sets $(MAKE)
configure:2212: result: yes
configure:2304: checking whether make supports nested variables
configure:2321: result: yes
configure:2381: checking for gcc
configure:2397: found /usr/bin/gcc
configure:2408: result: gcc
configure:2637: checking for C compiler version
configure:2646: gcc --version >&5
gcc (Ubuntu/Linaro 4.7.2-2ubuntu1) 4.7.2
Copyright (C) 2012 Free Software Foundation, Inc.
This is free software; see the source for copying conditions.  There is NO
warranty; not even for MERCHANTABILITY or FITNESS FOR A PARTICULAR PURPOSE.

configure:2657: $? = 0
configure:2646: gcc -v >&5
Using built-in specs.
COLLECT_GCC=gcc
COLLECT_LTO_WRAPPER=/usr/lib/gcc/i686-linux-gnu/4.7/lto-wrapper
Target: i686-linux-gnu
Configured with: ../src/configure -v --with-pkgversion='Ubuntu/Linaro 4.7.2-2ubuntu1' --with-bugurl=file:///usr/share/doc/gcc-4.7/README.Bugs --enable-languages=c,c++,go,fortran,objc,obj-c++ --prefix=/usr --program-suffix=-4.7 --enable-shared --enable-linker-build-id --with-system-zlib --libexecdir=/usr/lib --without-included-gettext --enable-threads=posix --with-gxx-include-dir=/usr/include/c++/4.7 --libdir=/usr/lib --enable-nls --with-sysroot=/ --enable-clocale=gnu --enable-libstdcxx-debug --enable-libstdcxx-time=yes --enable-gnu-unique-object --enable-plugin --enable-objc-gc --enable-targets=all --disable-werror --with-arch-32=i686 --with-tune=generic --enable-checking=release --build=i686-linux-gnu --host=i686-linux-gnu --target=i686-linux-gnu
Thread model: posix
gcc version 4.7.2 (Ubuntu/Linaro 4.7.2-2ubuntu1) 
configure:2657: $? = 0
configure:2646: gcc -V >&5
gcc: error: unrecognized command line option '-V'
gcc: fatal error: no input files
compilation terminated.
configure:2657: $? = 4
configure:2646: gcc -qversion >&5
gcc: error: unrecognized command line option '-qversion'
gcc: fatal error: no input files
compilation terminated.
configure:2657: $? = 4
configure:2677: checking whether the C compiler works
configure:2699: gcc -g -O0   conftest.c  >&5
configure:2703: $? = 0
configure:2751: result: yes
configure:2754: checking for C compiler default output file name
configure:2756: result: a.out
configure:2762: checking for suffix of executables
configure:2769: gcc -o conftest -g -O0   conftest.c  >&5
configure:2773: $? = 0
configure:2795: result: 
configure:2817: checking whether we are cross compiling
configure:2825: gcc -o conftest -g -O0   conftest.c  >&5
configure:2829: $? = 0
configure:2836: ./conftest
configure:2840: $? = 0
configure:2855: result: no
configure:2860: checking for suffix of object files
configure:2882: gcc -c -g -O0  conftest.c >&5
configure:2886: $? = 0
configure:2907: result: o
configure:2911: checking whether we are using the GNU C compiler
configure:2930: gcc -c -g -O0  conftest.c >&5
configure:2930: $? = 0
configure:2939: result: yes
configure:2948: checking whether gcc accepts -g
configure:2968: gcc -c -g  conftest.c >&5
configure:2968: $? = 0
configure:3009: result: yes
configure:3026: checking for gcc option to accept ISO C89
configure:3089: gcc  -c -g -O0  conftest.c >&5
configure:3089: $? = 0
configure:3102: result: none needed
configure:3133: checking for style of include used by make
configure:3161: result: GNU
configure:3187: checking dependency style of gcc
configure:3298: result: gcc3
configure:3452: creating ./config.status

## ---------------------- ##
## Running config.status. ##
## ---------------------- ##

This file was extended by bil2_c config.status 0.1, which was
generated by GNU Autoconf 2.69.  Invocation command line was

  CONFIG_FILES    = 
  CONFIG_HEADERS  = 
  CONFIG_LINKS    = 
  CONFIG_COMMANDS = 
  $ ./config.status 

on laboratorium-Aspire-M1900

config.status:839: creating Makefile
config.status:839: creating config.h
config.status:1053: executing depfiles commands
configure:4766: WARNING: unrecognized options: --enable-maintainer-mode

## ---------------- ##
## Cache variables. ##
## ---------------- ##

ac_cv_c_compiler_gnu=yes
ac_cv_env_CC_set=
ac_cv_env_CC_value=
ac_cv_env_CFLAGS_set=set
ac_cv_env_CFLAGS_value='-g -O0'
ac_cv_env_CPPFLAGS_set=
ac_cv_env_CPPFLAGS_value=
ac_cv_env_LDFLAGS_set=
ac_cv_env_LDFLAGS_value=
ac_cv_env_LIBS_set=
ac_cv_env_LIBS_value=
ac_cv_env_build_alias_set=
ac_cv_env_build_alias_value=
ac_cv_env_host_alias_set=
ac_cv_env_host_alias_value=
ac_cv_env_target_alias_set=
ac_cv_env_target_alias_value=
ac_cv_objext=o
ac_cv_path_install='/usr/bin/install -c'
ac_cv_path_mkdir=/bin/mkdir
ac_cv_prog_AWK=gawk
ac_cv_prog_ac_ct_CC=gcc
ac_cv_prog_cc_c89=
ac_cv_prog_cc_g=yes
ac_cv_prog_make_make_set=yes
am_cv_CC_dependencies_compiler_type=gcc3
am_cv_make_support_nested_variables=yes

## ----------------- ##
## Output variables. ##
## ----------------- ##

ACLOCAL='${SHELL} /home/laboratorium/Desktop/H1C014050/Bil2_3.c/missing --run aclocal-1.11'
AMDEPBACKSLASH='\'
AMDEP_FALSE='#'
AMDEP_TRUE=''
AMTAR='$${TAR-tar}'
AM_BACKSLASH='\'
AM_DEFAULT_V='$(AM_DEFAULT_VERBOSITY)'
AM_DEFAULT_VERBOSITY='0'
AM_V='$(V)'
AUTOCONF='${SHELL} /home/laboratorium/Desktop/H1C014050/Bil2_3.c/missing --run autoconf'
AUTOHEADER='${SHELL} /home/laboratorium/Desktop/H1C014050/Bil2_3.c/missing --run autoheader'
AUTOMAKE='${SHELL} /home/laboratorium/Desktop/H1C014050/Bil2_3.c/missing --run automake-1.11'
AWK='gawk'
CC='gcc'
CCDEPMODE='depmode=gcc3'
CFLAGS='-g -O0'
CPPFLAGS=''
CYGPATH_W='echo'
DEFS='-DHAVE_CONFIG_H'
DEPDIR='.deps'
ECHO_C=''
ECHO_N='-n'
ECHO_T=''
EXEEXT=''
INSTALL_DATA='${INSTALL} -m 644'
INSTALL_PROGRAM='${INSTALL}'
INSTALL_SCRIPT='${INSTALL}'
INSTALL_STRIP_PROGRAM='$(install_sh) -c -s'
LDFLAGS=''
LIBOBJS=''
LIBS=''
LTLIBOBJS=''
MAKEINFO='${SHELL} /home/laboratorium/Desktop/H1C014050/Bil2_3.c/missing --run makeinfo'
MKDIR_P='/bin/mkdir -p'
OBJEXT='o'
PACKAGE='bil2_c'
PACKAGE_BUGREPORT=''
PACKAGE_NAME='bil2_c'
PACKAGE_STRING='bil2_c 0.1'
PACKAGE_TARNAME='bil2_c'
PACKAGE_URL=''
PACKAGE_VERSION='0.1'
PATH_SEPARATOR=':'
SET_MAKE=''
SHELL='/bin/bash'
STRIP=''
VERSION='0.1'
ac_ct_CC='gcc'
am__EXEEXT_FALSE=''
am__EXEEXT_TRUE='#'
am__fastdepCC_FALSE='#'
am__fastdepCC_TRUE=''
am__include='include'
am__isrc=' -I$(srcdir)'
am__leading_dot='.'
am__nodep='_no'
am__quote=''
am__tar='$${TAR-tar} chof - "$$tardir"'
am__untar='$${TAR-tar} xf -'
bindir='${exec_prefix}/bin'
build_alias=''
datadir='${datarootdir}'
datarootdir='${prefix}/share'
docdir='${datarootdir}/doc/${PACKAGE_TARNAME}'
dvidir='${docdir}'
exec_prefix='${prefix}'
host_alias=''
htmldir='${docdir}'
includedir='${prefix}/include'
infodir='${datarootdir}/info'
install_sh='${SHELL} /home/laboratorium/Desktop/H1C014050/Bil2_3.c/install-sh'
libdir='${exec_prefix}/lib'
libexecdir='${exec_prefix}/libexec'
localedir='${datarootdir}/locale'
localstatedir='${prefix}/var'
mandir='${datarootdir}/man'
mkdir_p='/bin/mkdir -p'
oldincludedir='/usr/include'
pdfdir='${docdir}'
prefix='/usr/local'
program_transform_name='s,x,x,'
psdir='${docdir}'
sbindir='${exec_prefix}/sbin'
sharedstatedir='${prefix}/com'
sysconfdir='${prefix}/etc'
target_alias=''

## ----------- ##
## confdefs.h. ##
## ----------- ##

/* confdefs.h */
#define PACKAGE_NAME "bil2_c"
#define PACKAGE_TARNAME "bil2_c"
#define PACKAGE_VERSION "0.1"
#define PACKAGE_STRING "bil2_c 0.1"
#define PACKAGE_BUGREPORT ""
#define PACKAGE_URL ""
#define PACKAGE "bil2_c"
#define VERSION "0.1"

configure: exit 0
